<?xml version="1.0" encoding="UTF-8"?>
<!-- Generated by org.testng.reporters.JUnitXMLReporter -->
<testsuite ignored="0" hostname="SAHIL" failures="0" tests="4" name="Default test" time="34.489" errors="0" timestamp="2025-03-28T15:48:48 IST">
  <testcase classname="linkedin_challenge_testng.day_28" name="chromebrowser" time="15.263"/>
  <testcase classname="linkedin_challenge_testng.day_28" name="item_1" time="8.358"/>
  <testcase classname="linkedin_challenge_testng.day_28" name="cart" time="4.298"/>
  <testcase classname="linkedin_challenge_testng.day_28" name="checkout" time="6.515"/>
</testsuite> <!-- Default test -->
